2025-08-11 08:07:06 +0000 [MT] Initial pipeline context: <IDEDistributionProcessingPipelineContext: 0x8dbe80f00; archive(resolved)="<IDEArchive: 0x8dbc8aa70>", distributionTask(resolved)="2", distributionDestination(resolved)="1", distributionMethod(resolved)="<IDEDistributionMethodDevelopmentSignedMac: 0x8da1cfba0>", team(resolved)="<IDEProvisioningBasicTeam: 0x8d998c2a0; teamID='S9834AYCZH', teamName='Gonca Kaya'>">
	Chain (11, self inclusive):
	<IDEDistributionProcessingPipelineContext: 0x8dbe80f00; archive = "<IDEArchive: 0x8dbc8aa70>", distributionMethod="<IDEDistributionMethodDevelopmentSignedMac: 0x8da1cfba0>", team="<IDEProvisioningBasicTeam: 0x8d998c2a0; teamID='S9834AYCZH', teamName='Gonca Kaya'>">
	<IDEDistributionProcessingPipelineContext: 0x8dbe81200; archive = "<IDEArchive: 0x8dbc8aa70>", distributionMethod="<IDEDistributionMethodDevelopmentSignedMac: 0x8da1cfba0>", team="<IDEProvisioningBasicTeam: 0x8d998c2a0; teamID='S9834AYCZH', teamName='Gonca Kaya'>">
	<IDEDistributionContext: 0x8dbe29e00; archive = "<IDEArchive: 0x8dbc8aa70>", distributionMethod="<IDEDistributionMethodDevelopmentSignedMac: 0x8da1cfba0>", team="<IDEProvisioningBasicTeam: 0x8d998c2a0; teamID='S9834AYCZH', teamName='Gonca Kaya'>">
	<IDEDistributionContext: 0x8dbe28c80; archive = "<IDEArchive: 0x8dbc8aa70>", distributionMethod="<IDEDistributionMethodDevelopmentSignedMac: 0x8da1cfba0>", team="<IDEProvisioningBasicTeam: 0x8d998c2a0; teamID='S9834AYCZH', teamName='Gonca Kaya'>">
	<IDEDistributionContext: 0x8dbe28a00; archive = "<IDEArchive: 0x8dbc8aa70>", distributionMethod="<IDEDistributionMethodDevelopmentSignedMac: 0x8da1cfba0>", team="<IDEProvisioningBasicTeam: 0x8d998c2a0; teamID='S9834AYCZH', teamName='Gonca Kaya'>">
	<IDEDistributionContext: 0x8dbe28780; archive = "<IDEArchive: 0x8dbc8aa70>", distributionMethod="<IDEDistributionMethodDevelopmentSignedMac: 0x8da1cfba0>", team="<IDEProvisioningBasicTeam: 0x8d998c2a0; teamID='S9834AYCZH', teamName='Gonca Kaya'>">
	<IDEDistributionContext: 0x8dbe28500; archive = "<IDEArchive: 0x8dbc8aa70>", distributionMethod="<IDEDistributionMethodDevelopmentSignedMac: 0x8da1cfba0>", team="<IDEProvisioningBasicTeam: 0x8d998c2a0; teamID='S9834AYCZH', teamName='Gonca Kaya'>">
	<IDEDistributionContext: 0x8dbe28280; archive = "<IDEArchive: 0x8dbc8aa70>", distributionMethod="<IDEDistributionMethodDevelopmentSignedMac: 0x8da1cfba0>", team="<IDEProvisioningBasicTeam: 0x8d998c2a0; teamID='S9834AYCZH', teamName='Gonca Kaya'>">
	<IDEDistributionContext: 0x8dbe28000; archive = "<IDEArchive: 0x8dbc8aa70>", distributionMethod="<IDEDistributionMethodDevelopmentSignedMac: 0x8da1cfba0>", team="(null)">
	<IDEDistributionContext: 0x100aa6990; archive = "<IDEArchive: 0x8dbc8aa70>", distributionMethod="<IDEDistributionMethodDevelopmentSignedMac: 0x8da1cfba0>", team="(null)">
	<IDEDistributionContext: 0x100ad09a0; archive = "<IDEArchive: 0x8dbc8aa70>", distributionMethod="(null)", team="(null)">
</IDEDistributionProcessingPipelineContext: 0x8dbe80f00>
2025-08-11 08:07:06 +0000 [MT] Processing step: IDEDistributionCreateDestRootStep
2025-08-11 08:07:06 +0000 [MT] Processing step: IDEDistributionCopyItemStep
2025-08-11 08:07:06 +0000 [MT] Running /usr/bin/ditto '-V' '/Users/devin/Documents/GitHub/Clipo/build/Clipo.xcarchive/Products/Applications/Clipo.app' '/var/folders/xs/24pmrtn13qdbg57sbjw1gr9w0000gn/T/XcodeDistPipeline.~~~SK9xwR/Root/Applications/Clipo.app'
2025-08-11 08:07:06 +0000  >>> Copying /Users/devin/Documents/GitHub/Clipo/build/Clipo.xcarchive/Products/Applications/Clipo.app 
2025-08-11 08:07:06 +0000  copying file ./Contents/_CodeSignature/CodeResources ... 
2025-08-11 08:07:06 +0000  2898 bytes for ./Contents/_CodeSignature/CodeResources
2025-08-11 08:07:06 +0000  copying file ./Contents/MacOS/Clipo ... 
2025-08-11 08:07:06 +0000  651440 bytes for ./Contents/MacOS/Clipo
2025-08-11 08:07:06 +0000  copying file ./Contents/Resources/AppIcon.icns ... 
2025-08-11 08:07:06 +0000  96000 bytes for ./Contents/Resources/AppIcon.icns
2025-08-11 08:07:06 +0000  copying file ./Contents/Resources/Assets.car ... 
2025-08-11 08:07:06 +0000  2299128 bytes for ./Contents/Resources/Assets.car
2025-08-11 08:07:06 +0000  copying file ./Contents/Resources/Info.plist ... 
2025-08-11 08:07:06 +0000  877 bytes for ./Contents/Resources/Info.plist
2025-08-11 08:07:06 +0000  copying file ./Contents/Info.plist ... 
2025-08-11 08:07:06 +0000  1554 bytes for ./Contents/Info.plist
2025-08-11 08:07:06 +0000  copying file ./Contents/PkgInfo ... 
2025-08-11 08:07:06 +0000  8 bytes for ./Contents/PkgInfo
2025-08-11 08:07:06 +0000 [MT] /usr/bin/ditto exited with 0
2025-08-11 08:07:06 +0000 [MT] Processing step: IDEDistributionEmbedProfileStep
2025-08-11 08:07:06 +0000 [MT] Skipping profile for item: <IDEDistributionItem: 0x8d98a63a0; bundleID='velyzo.Clipo', path='<DVTFilePath:0x8d98a42a0:'/Users/devin/Documents/GitHub/Clipo/build/Clipo.xcarchive/Products/Applications/Clipo.app'>', codeSigningInfo='<_DVTCodeSigningInformation_Path: 0x8d98a62e0; isSigned='1', isAdHocSigned='0', signingCertificate='<DVTSigningCertificate: 0x8dbfc8600; name='Apple Development: kagon12@gmail.com (4RJYBYN2B9)', hash='BFEAE9490B7823E9E470EF3BBAA6022BEF04F460', serialNumber='3A8F8276F6BEBD7B2477E6250DC80F32', certificateKinds='(
    "1.2.840.113635.100.6.1.12",
    "1.2.840.113635.100.6.1.2"
), issueDate='2025-06-28 19:42:32 +0000''>', entitlements='{
    "com.apple.security.app-sandbox" = 1;
    "com.apple.security.files.user-selected.read-only" = 1;
}', teamID='S9834AYCZH', identifier='velyzo.Clipo', executablePath='<DVTFilePath:0x8d98a5440:'/Users/devin/Documents/GitHub/Clipo/build/Clipo.xcarchive/Products/Applications/Clipo.app/Contents/MacOS/Clipo'>', hardenedRuntime='1'>'>
2025-08-11 08:07:06 +0000 [MT] Processing step: IDEDistributionInfoPlistStep
2025-08-11 08:07:06 +0000 [MT] Skipping step: IDEDistributionInfoPlistStep because it said so
2025-08-11 08:07:06 +0000 [MT] Processing step: IDEDistributionAppThinningPlistStep
2025-08-11 08:07:06 +0000 [MT] Processing step: IDEDistributionSymbolsStep
2025-08-11 08:07:06 +0000 [MT] Skipping step: IDEDistributionSymbolsStep because it said so
2025-08-11 08:07:06 +0000 [MT] Processing step: IDEDistributionAppThinningStep
2025-08-11 08:07:06 +0000 [MT] Skipping step: IDEDistributionAppThinningStep because it said so
2025-08-11 08:07:06 +0000 [MT] Processing step: IDEDistributionArchThinningStep
2025-08-11 08:07:06 +0000 [MT] Item /Users/devin/Documents/GitHub/Clipo/build/Clipo.xcarchive/Products/Applications/Clipo.app doesn't have the entitlement com.apple.developer.web-browser-engine.host enabled, returning ["arm64e"]
2025-08-11 08:07:06 +0000 [MT] Archs to thin for item /Users/devin/Documents/GitHub/Clipo/build/Clipo.xcarchive/Products/Applications/Clipo.app are ["arm64e"]
2025-08-11 08:07:06 +0000 [MT] Running /Applications/Xcode.app/Contents/Developer/Toolchains/XcodeDefault.xctoolchain/usr/bin/lipo '/var/folders/xs/24pmrtn13qdbg57sbjw1gr9w0000gn/T/XcodeDistPipeline.~~~SK9xwR/Root/Applications/Clipo.app/Contents/MacOS/Clipo' '-verify_arch' 'arm64e'
2025-08-11 08:07:06 +0000 [MT] /Applications/Xcode.app/Contents/Developer/Toolchains/XcodeDefault.xctoolchain/usr/bin/lipo exited with 1
2025-08-11 08:07:06 +0000 [MT] Skipping architecture thinning for item "Clipo" because arch "arm64e" wasn't found
2025-08-11 08:07:06 +0000 [MT] Processing step: IDEDistributionODRStep
2025-08-11 08:07:06 +0000 [MT] Processing step: IDEDistributionStripXattrsStep
2025-08-11 08:07:06 +0000 [MT] Skipping stripping extended attributes because the codesign step will strip them.
2025-08-11 08:07:06 +0000 [MT] Processing step: IDEDistributionCodesignStep
2025-08-11 08:07:06 +0000 [MT] Entitlements for <IDEDistributionItem: 0x8d98a63a0; bundleID='velyzo.Clipo', path='<DVTFilePath:0x8d98a42a0:'/Users/devin/Documents/GitHub/Clipo/build/Clipo.xcarchive/Products/Applications/Clipo.app'>', codeSigningInfo='<_DVTCodeSigningInformation_Path: 0x8d98a62e0; isSigned='1', isAdHocSigned='0', signingCertificate='<DVTSigningCertificate: 0x8dbfc8600; name='Apple Development: kagon12@gmail.com (4RJYBYN2B9)', hash='BFEAE9490B7823E9E470EF3BBAA6022BEF04F460', serialNumber='3A8F8276F6BEBD7B2477E6250DC80F32', certificateKinds='(
    "1.2.840.113635.100.6.1.12",
    "1.2.840.113635.100.6.1.2"
), issueDate='2025-06-28 19:42:32 +0000''>', entitlements='{
    "com.apple.security.app-sandbox" = 1;
    "com.apple.security.files.user-selected.read-only" = 1;
}', teamID='S9834AYCZH', identifier='velyzo.Clipo', executablePath='<DVTFilePath:0x8d98a5440:'/Users/devin/Documents/GitHub/Clipo/build/Clipo.xcarchive/Products/Applications/Clipo.app/Contents/MacOS/Clipo'>', hardenedRuntime='1'>'>: {
    "com.apple.security.app-sandbox" = 1;
    "com.apple.security.files.user-selected.read-only" = 1;
}
2025-08-11 08:07:06 +0000 [MT] Associated App Clip Identifiers Filter: Skipping because "com.apple.developer.associated-appclip-app-identifiers" is not present
2025-08-11 08:07:06 +0000 [MT] Entitlements for <IDEDistributionItem: 0x8d98a63a0; bundleID='velyzo.Clipo', path='<DVTFilePath:0x8d98a42a0:'/Users/devin/Documents/GitHub/Clipo/build/Clipo.xcarchive/Products/Applications/Clipo.app'>', codeSigningInfo='<_DVTCodeSigningInformation_Path: 0x8d98a62e0; isSigned='1', isAdHocSigned='0', signingCertificate='<DVTSigningCertificate: 0x8dbfc8180; name='Apple Development: kagon12@gmail.com (4RJYBYN2B9)', hash='BFEAE9490B7823E9E470EF3BBAA6022BEF04F460', serialNumber='3A8F8276F6BEBD7B2477E6250DC80F32', certificateKinds='(
    "1.2.840.113635.100.6.1.12",
    "1.2.840.113635.100.6.1.2"
), issueDate='2025-06-28 19:42:32 +0000''>', entitlements='{
    "com.apple.security.app-sandbox" = 1;
    "com.apple.security.files.user-selected.read-only" = 1;
}', teamID='S9834AYCZH', identifier='velyzo.Clipo', executablePath='<DVTFilePath:0x8d98a5440:'/Users/devin/Documents/GitHub/Clipo/build/Clipo.xcarchive/Products/Applications/Clipo.app/Contents/MacOS/Clipo'>', hardenedRuntime='1'>'> are: {
    "com.apple.security.app-sandbox" = 1;
    "com.apple.security.files.user-selected.read-only" = 1;
}
2025-08-11 08:07:06 +0000 [MT] Writing entitlements for <IDEDistributionItem: 0x8d98a63a0; bundleID='velyzo.Clipo', path='<DVTFilePath:0x8d98a42a0:'/Users/devin/Documents/GitHub/Clipo/build/Clipo.xcarchive/Products/Applications/Clipo.app'>', codeSigningInfo='<_DVTCodeSigningInformation_Path: 0x8d98a62e0; isSigned='1', isAdHocSigned='0', signingCertificate='<DVTSigningCertificate: 0x8dbfc8180; name='Apple Development: kagon12@gmail.com (4RJYBYN2B9)', hash='BFEAE9490B7823E9E470EF3BBAA6022BEF04F460', serialNumber='3A8F8276F6BEBD7B2477E6250DC80F32', certificateKinds='(
    "1.2.840.113635.100.6.1.12",
    "1.2.840.113635.100.6.1.2"
), issueDate='2025-06-28 19:42:32 +0000''>', entitlements='{
    "com.apple.security.app-sandbox" = 1;
    "com.apple.security.files.user-selected.read-only" = 1;
}', teamID='S9834AYCZH', identifier='velyzo.Clipo', executablePath='<DVTFilePath:0x8d98a5440:'/Users/devin/Documents/GitHub/Clipo/build/Clipo.xcarchive/Products/Applications/Clipo.app/Contents/MacOS/Clipo'>', hardenedRuntime='1'>'> to: /var/folders/xs/24pmrtn13qdbg57sbjw1gr9w0000gn/T/XcodeDistPipeline.~~~SK9xwR/entitlements~~~IDMgcI
2025-08-11 08:07:06 +0000 [MT] invoking codesign: <NSConcreteTask: 0x8d9b21ae0; launchPath='/usr/bin/codesign', arguments='(
    "-f",
    "-s",
    BFEAE9490B7823E9E470EF3BBAA6022BEF04F460,
    "--entitlements",
    "/var/folders/xs/24pmrtn13qdbg57sbjw1gr9w0000gn/T/XcodeDistPipeline.~~~SK9xwR/entitlements~~~IDMgcI",
    "--preserve-metadata=identifier,flags,runtime",
    "--generate-entitlement-der",
    "--strip-disallowed-xattrs",
    "-vvv",
    "/var/folders/xs/24pmrtn13qdbg57sbjw1gr9w0000gn/T/XcodeDistPipeline.~~~SK9xwR/Root/Applications/Clipo.app"
)'>
2025-08-11 08:07:06 +0000 [MT] codesign output: /var/folders/xs/24pmrtn13qdbg57sbjw1gr9w0000gn/T/XcodeDistPipeline.~~~SK9xwR/Root/Applications/Clipo.app: replacing existing signature
/var/folders/xs/24pmrtn13qdbg57sbjw1gr9w0000gn/T/XcodeDistPipeline.~~~SK9xwR/Root/Applications/Clipo.app: signed app bundle with Mach-O thin (arm64) [velyzo.Clipo]
2025-08-11 08:07:06 +0000 [MT] Processing step: IDEDistributionZipODRItemStep
2025-08-11 08:07:06 +0000 [MT] Skipping step: IDEDistributionZipODRItemStep because it said so
2025-08-11 08:07:06 +0000 [MT] Processing step: IDEDistributionSkipPackagingStep
2025-08-11 08:07:06 +0000 [MT] Processing step: IDEDistributionAppStoreInformationStep
2025-08-11 08:07:06 +0000 [MT] Skipping step: IDEDistributionAppStoreInformationStep because it said so
2025-08-11 08:07:06 +0000 [MT] Processing step: IDEDistributionGenerateProcessedDistributionItems
2025-08-11 08:07:06 +0000 [MT] IDEDistributionItem init <DVTFilePath:0x8d99ba3a0:'/var/folders/xs/24pmrtn13qdbg57sbjw1gr9w0000gn/T/XcodeDistPipeline.~~~SK9xwR/Root/Applications/Clipo.app'>
2025-08-11 08:07:06 +0000 [MT] [OPTIONAL] Didn't find embedded provisioning profile for <DVTFilePath:0x8d99ba3a0:'/var/folders/xs/24pmrtn13qdbg57sbjw1gr9w0000gn/T/XcodeDistPipeline.~~~SK9xwR/Root/Applications/Clipo.app'>: Error Domain=NSCocoaErrorDomain Code=4 "No file at <DVTFilePath:0x8dc184700:'/var/folders/xs/24pmrtn13qdbg57sbjw1gr9w0000gn/T/XcodeDistPipeline.~~~SK9xwR/Root/Applications/Clipo.app/Contents/embedded.provisionprofile'>" UserInfo={NSLocalizedDescription=No file at <DVTFilePath:0x8dc184700:'/var/folders/xs/24pmrtn13qdbg57sbjw1gr9w0000gn/T/XcodeDistPipeline.~~~SK9xwR/Root/Applications/Clipo.app/Contents/embedded.provisionprofile'>}
2025-08-11 08:07:06 +0000 [MT] Processing step: IDEDistributionCreateManifestStep
2025-08-11 08:07:06 +0000 [MT] Skipping step: IDEDistributionCreateManifestStep because it said so
